<?xml version="1.0" encoding="utf-8"?><testsuite errors="0" failures="0" name="pytest" skips="0" tests="8" time="0.085"><testcase classname="test_submit.EmailValidTests" file="test_submit.py" line="94" name="test_eight" time="0.001016378402709961"></testcase><testcase classname="test_submit.EmailValidTests" file="test_submit.py" line="57" name="test_five" time="0.01777935028076172"></testcase><testcase classname="test_submit.EmailValidTests" file="test_submit.py" line="44" name="test_four" time="0.002028942108154297"></testcase><testcase classname="test_submit.EmailValidTests" file="test_submit.py" line="5" name="test_one" time="0.0019927024841308594"></testcase><testcase classname="test_submit.EmailValidTests" file="test_submit.py" line="81" name="test_seven" time="0.0015954971313476562"></testcase><testcase classname="test_submit.EmailValidTests" file="test_submit.py" line="69" name="test_six" time="0.0009663105010986328"></testcase><testcase classname="test_submit.EmailValidTests" file="test_submit.py" line="28" name="test_three" time="0.0011799335479736328"></testcase><testcase classname="test_submit.EmailValidTests" file="test_submit.py" line="19" name="test_two" time="0.0015425682067871094"></testcase></testsuite>